<?xml version="1.0" encoding="UTF-8"?>
<!-- Generated by org.testng.reporters.JUnitReportReporter -->
<testsuite hostname="azstorageexp" name="com.bookmyfurniture.services.GetToken" tests="2" failures="0" timestamp="4 Feb 2020 10:30:19 GMT" time="2.682" errors="0">
  <testcase name="searchAProduct" time="0.410" classname="com.bookmyfurniture.services.GetToken"/>
  <testcase name="getAuthToken" time="2.272" classname="com.bookmyfurniture.services.GetToken"/>
</testsuite> <!-- com.bookmyfurniture.services.GetToken -->
