<?xml version="1.0" encoding="UTF-8"?>
<!-- Generated by org.testng.reporters.JUnitReportReporter -->
<testsuite hostname="azstorageexp" name="com.bookmyfurniture.testcases.LoginTest" tests="4" failures="0" timestamp="5 Mar 2020 14:56:51 GMT" time="28.942" errors="0">
  <testcase name="Login" time="2.468" classname="com.bookmyfurniture.testcases.LoginTest"/>
  <testcase name="LoginWithoutEmailId" time="7.657" classname="com.bookmyfurniture.testcases.LoginTest"/>
  <testcase name="LoginWithWrongPassword" time="1.824" classname="com.bookmyfurniture.testcases.LoginTest"/>
  <testcase name="Logout" time="16.993" classname="com.bookmyfurniture.testcases.LoginTest"/>
</testsuite> <!-- com.bookmyfurniture.testcases.LoginTest -->
