<?xml version="1.0" encoding="UTF-8"?>
<!-- Generated by org.testng.reporters.JUnitReportReporter -->
<testsuite hostname="azstorageexp" name="com.bookmyfurniture.testcases.RegisterTest" tests="1" failures="0" timestamp="2 Mar 2020 16:24:37 GMT" time="58.334" errors="0">
  <testcase name="registerFurniture" time="58.334" classname="com.bookmyfurniture.testcases.RegisterTest"/>
</testsuite> <!-- com.bookmyfurniture.testcases.RegisterTest -->
