<?xml version="1.0" encoding="UTF-8"?>
<!-- Generated by org.testng.reporters.JUnitReportReporter -->
<testsuite hostname="azstorageexp" name="com.bookmyfurniture.utility.DBConnection" tests="1" failures="0" timestamp="5 Feb 2020 21:07:36 GMT" time="1.640" errors="0">
  <testcase name="verifyRegisteredUserDataInDb" time="1.640" classname="com.bookmyfurniture.utility.DBConnection"/>
</testsuite> <!-- com.bookmyfurniture.utility.DBConnection -->
