<?xml version="1.0" encoding="UTF-8"?>
<!-- Generated by org.testng.reporters.JUnitReportReporter -->
<testsuite hostname="azstorageexp" name="com.bookmyfurniture.testcases.LoginTest" tests="4" failures="0" timestamp="27 Jan 2020 04:36:50 GMT" time="22.137" errors="0">
  <testcase name="LoginWithWrongPassword" time="1.296" classname="com.bookmyfurniture.testcases.LoginTest"/>
  <testcase name="Login" time="1.599" classname="com.bookmyfurniture.testcases.LoginTest"/>
  <testcase name="Logout" time="12.247" classname="com.bookmyfurniture.testcases.LoginTest"/>
  <testcase name="LoginWithoutEmailId" time="6.995" classname="com.bookmyfurniture.testcases.LoginTest"/>
</testsuite> <!-- com.bookmyfurniture.testcases.LoginTest -->
