<?xml version="1.0" encoding="UTF-8"?>
<!-- Generated by org.testng.reporters.JUnitReportReporter -->
<testsuite hostname="azstorageexp" name="com.bookmyfurniture.testcases.LoginTest" tests="4" failures="0" timestamp="2 Mar 2020 15:35:27 GMT" time="28.008" errors="0">
  <testcase name="Logout" time="16.781" classname="com.bookmyfurniture.testcases.LoginTest"/>
  <testcase name="LoginWithWrongPassword" time="1.550" classname="com.bookmyfurniture.testcases.LoginTest"/>
  <testcase name="Login" time="2.381" classname="com.bookmyfurniture.testcases.LoginTest"/>
  <testcase name="LoginWithoutEmailId" time="7.296" classname="com.bookmyfurniture.testcases.LoginTest"/>
</testsuite> <!-- com.bookmyfurniture.testcases.LoginTest -->
