<?xml version="1.0" encoding="UTF-8"?>
<!-- Generated by org.testng.reporters.JUnitReportReporter -->
<testsuite hostname="azstorageexp" name="com.bookmyfurniture.testcases.LoginTest" tests="4" failures="0" timestamp="9 Feb 2020 19:35:06 GMT" time="22.768" errors="0">
  <testcase name="LoginWithWrongPassword" time="1.470" classname="com.bookmyfurniture.testcases.LoginTest"/>
  <testcase name="Login" time="1.647" classname="com.bookmyfurniture.testcases.LoginTest"/>
  <testcase name="Logout" time="12.209" classname="com.bookmyfurniture.testcases.LoginTest"/>
  <testcase name="LoginWithoutEmailId" time="7.442" classname="com.bookmyfurniture.testcases.LoginTest"/>
</testsuite> <!-- com.bookmyfurniture.testcases.LoginTest -->
