<?xml version="1.0" encoding="UTF-8"?>
<!-- Generated by org.testng.reporters.JUnitReportReporter -->
<testsuite hostname="azstorageexp" name="com.bookmyfurniture.testcases.RegisterTest" tests="1" failures="0" timestamp="9 Feb 2020 19:35:06 GMT" time="2.647" errors="0">
  <testcase name="registerFurniture" time="2.647" classname="com.bookmyfurniture.testcases.RegisterTest"/>
</testsuite> <!-- com.bookmyfurniture.testcases.RegisterTest -->
