<?xml version="1.0" encoding="UTF-8"?>
<!-- Generated by org.testng.reporters.JUnitReportReporter -->
<testsuite hostname="azstorageexp" name="com.bookmyfurniture.testcases.RegisterTest" tests="1" failures="0" timestamp="16 Feb 2020 15:45:30 GMT" time="22.587" errors="0">
  <testcase name="registerFurniture" time="22.587" classname="com.bookmyfurniture.testcases.RegisterTest"/>
</testsuite> <!-- com.bookmyfurniture.testcases.RegisterTest -->
