<?xml version="1.0" encoding="UTF-8"?>
<!-- Generated by org.testng.reporters.JUnitReportReporter -->
<testsuite hostname="azstorageexp" name="com.bookmyfurniture.testcases.LoginTest" tests="4" failures="0" timestamp="27 Jan 2020 04:46:36 GMT" time="23.188" errors="0">
  <testcase name="LoginWithWrongPassword" time="1.316" classname="com.bookmyfurniture.testcases.LoginTest"/>
  <testcase name="Logout" time="12.305" classname="com.bookmyfurniture.testcases.LoginTest"/>
  <testcase name="Login" time="2.542" classname="com.bookmyfurniture.testcases.LoginTest"/>
  <testcase name="LoginWithoutEmailId" time="7.025" classname="com.bookmyfurniture.testcases.LoginTest"/>
</testsuite> <!-- com.bookmyfurniture.testcases.LoginTest -->
