<?xml version="1.0" encoding="UTF-8"?>
<!-- Generated by org.testng.reporters.JUnitReportReporter -->
<testsuite hostname="azstorageexp" name="com.bookmyfurniture.testcases.RegisterTest" tests="1" failures="0" timestamp="2 Mar 2020 15:35:27 GMT" time="22.756" errors="0">
  <testcase name="registerFurniture" time="22.756" classname="com.bookmyfurniture.testcases.RegisterTest"/>
</testsuite> <!-- com.bookmyfurniture.testcases.RegisterTest -->
