<?xml version="1.0" encoding="UTF-8"?>
<!-- Generated by org.testng.reporters.JUnitReportReporter -->
<testsuite hostname="azstorageexp" name="com.bookmyfurniture.testcases.LoginTest" tests="4" failures="0" timestamp="16 Feb 2020 15:45:30 GMT" time="21.878" errors="0">
  <testcase name="LoginWithWrongPassword" time="1.360" classname="com.bookmyfurniture.testcases.LoginTest"/>
  <testcase name="Logout" time="11.772" classname="com.bookmyfurniture.testcases.LoginTest"/>
  <testcase name="LoginWithoutEmailId" time="7.091" classname="com.bookmyfurniture.testcases.LoginTest"/>
  <testcase name="Login" time="1.655" classname="com.bookmyfurniture.testcases.LoginTest"/>
</testsuite> <!-- com.bookmyfurniture.testcases.LoginTest -->
