<?xml version="1.0" encoding="UTF-8"?>
<!-- Generated by org.testng.reporters.JUnitReportReporter -->
<testsuite hostname="azstorageexp" name="com.bookmyfurniture.testcases.RegisterTest" tests="1" failures="0" timestamp="5 Mar 2020 14:46:05 GMT" time="24.620" errors="0">
  <testcase name="registerFurniture" time="24.620" classname="com.bookmyfurniture.testcases.RegisterTest"/>
</testsuite> <!-- com.bookmyfurniture.testcases.RegisterTest -->
