<?xml version="1.0" encoding="UTF-8"?>
<!-- Generated by org.testng.reporters.JUnitReportReporter -->
<testsuite hostname="azstorageexp" name="com.bookmyfurniture.testcases.LoginTest" tests="1" failures="0" timestamp="5 Mar 2020 14:46:05 GMT" time="3.787" errors="0">
  <testcase name="Login" time="3.787" classname="com.bookmyfurniture.testcases.LoginTest"/>
</testsuite> <!-- com.bookmyfurniture.testcases.LoginTest -->
